<?xml version="1.0" encoding="UTF-8"?>
<testsuite name="test_vaccine_patient_tests.MyTestCase-20220405235509" tests="9" file="test_vaccine_patient_tests.py" time="0.052" timestamp="2022-04-05T23:55:09" failures="0" errors="0" skipped="0">
	<testcase classname="test_vaccine_patient_tests.MyTestCase" name="test_vaccine_patient_1_2" time="0.003" timestamp="2022-04-05T23:55:09"/>
	<testcase classname="test_vaccine_patient_tests.MyTestCase" name="test_vaccine_patient_1_3_4_6" time="0.005" timestamp="2022-04-05T23:55:09"/>
	<testcase classname="test_vaccine_patient_tests.MyTestCase" name="test_vaccine_patient_1_3_4_7_8_7_9_10" time="0.008" timestamp="2022-04-05T23:55:09"/>
	<testcase classname="test_vaccine_patient_tests.MyTestCase" name="test_vaccine_patient_1_3_4_7_8_7_9_11_12_13_15" time="0.006" timestamp="2022-04-05T23:55:09"/>
	<testcase classname="test_vaccine_patient_tests.MyTestCase" name="test_vaccine_patient_1_3_4_7_8_7_9_11_12_14_15" time="0.012" timestamp="2022-04-05T23:55:09"/>
	<testcase classname="test_vaccine_patient_tests.MyTestCase" name="test_vaccine_patient_1_3_4_7_9_10" time="0.005" timestamp="2022-04-05T23:55:09"/>
	<testcase classname="test_vaccine_patient_tests.MyTestCase" name="test_vaccine_patient_1_3_4_7_9_11_12_13_15" time="0.005" timestamp="2022-04-05T23:55:09"/>
	<testcase classname="test_vaccine_patient_tests.MyTestCase" name="test_vaccine_patient_1_3_4_7_9_11_12_14_15" time="0.005" timestamp="2022-04-05T23:55:09"/>
	<testcase classname="test_vaccine_patient_tests.MyTestCase" name="test_vaccine_patient_1_3_5" time="0.004" timestamp="2022-04-05T23:55:09"/>
</testsuite>
