<?xml version="1.0" encoding="UTF-8"?>
<testsuite name="test_get_vaccine_date_tests.MyTestCase-20220405235408" tests="48" file="test_get_vaccine_date_tests.py" time="0.095" timestamp="2022-04-05T23:54:09" failures="0" errors="0" skipped="0">
	<testcase classname="test_get_vaccine_date_tests.MyTestCase" name="test_vaccine_date_node10_delete" time="0.002" timestamp="2022-04-05T23:54:09"/>
	<testcase classname="test_get_vaccine_date_tests.MyTestCase" name="test_vaccine_date_node10_duplicate" time="0.002" timestamp="2022-04-05T23:54:09"/>
	<testcase classname="test_get_vaccine_date_tests.MyTestCase" name="test_vaccine_date_node11_delete" time="0.002" timestamp="2022-04-05T23:54:09"/>
	<testcase classname="test_get_vaccine_date_tests.MyTestCase" name="test_vaccine_date_node11_duplicate" time="0.002" timestamp="2022-04-05T23:54:09"/>
	<testcase classname="test_get_vaccine_date_tests.MyTestCase" name="test_vaccine_date_node12_delete" time="0.002" timestamp="2022-04-05T23:54:09"/>
	<testcase classname="test_get_vaccine_date_tests.MyTestCase" name="test_vaccine_date_node12_duplicate" time="0.002" timestamp="2022-04-05T23:54:09"/>
	<testcase classname="test_get_vaccine_date_tests.MyTestCase" name="test_vaccine_date_node13_modify" time="0.002" timestamp="2022-04-05T23:54:09"/>
	<testcase classname="test_get_vaccine_date_tests.MyTestCase" name="test_vaccine_date_node14_delete" time="0.002" timestamp="2022-04-05T23:54:09"/>
	<testcase classname="test_get_vaccine_date_tests.MyTestCase" name="test_vaccine_date_node14_duplicate" time="0.001" timestamp="2022-04-05T23:54:09"/>
	<testcase classname="test_get_vaccine_date_tests.MyTestCase" name="test_vaccine_date_node16_delete" time="0.001" timestamp="2022-04-05T23:54:09"/>
	<testcase classname="test_get_vaccine_date_tests.MyTestCase" name="test_vaccine_date_node16_duplicate" time="0.002" timestamp="2022-04-05T23:54:09"/>
	<testcase classname="test_get_vaccine_date_tests.MyTestCase" name="test_vaccine_date_node17_delete" time="0.002" timestamp="2022-04-05T23:54:09"/>
	<testcase classname="test_get_vaccine_date_tests.MyTestCase" name="test_vaccine_date_node17_duplicate" time="0.002" timestamp="2022-04-05T23:54:09"/>
	<testcase classname="test_get_vaccine_date_tests.MyTestCase" name="test_vaccine_date_node18_delete" time="0.002" timestamp="2022-04-05T23:54:09"/>
	<testcase classname="test_get_vaccine_date_tests.MyTestCase" name="test_vaccine_date_node18_duplicate" time="0.002" timestamp="2022-04-05T23:54:09"/>
	<testcase classname="test_get_vaccine_date_tests.MyTestCase" name="test_vaccine_date_node1_delete" time="0.002" timestamp="2022-04-05T23:54:09"/>
	<testcase classname="test_get_vaccine_date_tests.MyTestCase" name="test_vaccine_date_node1_duplicate" time="0.002" timestamp="2022-04-05T23:54:09"/>
	<testcase classname="test_get_vaccine_date_tests.MyTestCase" name="test_vaccine_date_node20_modify" time="0.002" timestamp="2022-04-05T23:54:09"/>
	<testcase classname="test_get_vaccine_date_tests.MyTestCase" name="test_vaccine_date_node22_delete" time="0.002" timestamp="2022-04-05T23:54:09"/>
	<testcase classname="test_get_vaccine_date_tests.MyTestCase" name="test_vaccine_date_node22_duplicate" time="0.002" timestamp="2022-04-05T23:54:09"/>
	<testcase classname="test_get_vaccine_date_tests.MyTestCase" name="test_vaccine_date_node25_delete" time="0.002" timestamp="2022-04-05T23:54:09"/>
	<testcase classname="test_get_vaccine_date_tests.MyTestCase" name="test_vaccine_date_node25_duplicate" time="0.002" timestamp="2022-04-05T23:54:09"/>
	<testcase classname="test_get_vaccine_date_tests.MyTestCase" name="test_vaccine_date_node29_delete" time="0.002" timestamp="2022-04-05T23:54:09"/>
	<testcase classname="test_get_vaccine_date_tests.MyTestCase" name="test_vaccine_date_node29_duplicate" time="0.002" timestamp="2022-04-05T23:54:09"/>
	<testcase classname="test_get_vaccine_date_tests.MyTestCase" name="test_vaccine_date_node2_delete" time="0.002" timestamp="2022-04-05T23:54:09"/>
	<testcase classname="test_get_vaccine_date_tests.MyTestCase" name="test_vaccine_date_node2_duplicate" time="0.002" timestamp="2022-04-05T23:54:09"/>
	<testcase classname="test_get_vaccine_date_tests.MyTestCase" name="test_vaccine_date_node31_modify" time="0.002" timestamp="2022-04-05T23:54:09"/>
	<testcase classname="test_get_vaccine_date_tests.MyTestCase" name="test_vaccine_date_node32_modify" time="0.002" timestamp="2022-04-05T23:54:09"/>
	<testcase classname="test_get_vaccine_date_tests.MyTestCase" name="test_vaccine_date_node35_modify" time="0.003" timestamp="2022-04-05T23:54:09"/>
	<testcase classname="test_get_vaccine_date_tests.MyTestCase" name="test_vaccine_date_node3_delete" time="0.002" timestamp="2022-04-05T23:54:09"/>
	<testcase classname="test_get_vaccine_date_tests.MyTestCase" name="test_vaccine_date_node3_duplicate" time="0.002" timestamp="2022-04-05T23:54:09"/>
	<testcase classname="test_get_vaccine_date_tests.MyTestCase" name="test_vaccine_date_node41_delete" time="0.002" timestamp="2022-04-05T23:54:09"/>
	<testcase classname="test_get_vaccine_date_tests.MyTestCase" name="test_vaccine_date_node41_duplicate" time="0.002" timestamp="2022-04-05T23:54:09"/>
	<testcase classname="test_get_vaccine_date_tests.MyTestCase" name="test_vaccine_date_node42_delete" time="0.002" timestamp="2022-04-05T23:54:09"/>
	<testcase classname="test_get_vaccine_date_tests.MyTestCase" name="test_vaccine_date_node42_duplicate" time="0.002" timestamp="2022-04-05T23:54:09"/>
	<testcase classname="test_get_vaccine_date_tests.MyTestCase" name="test_vaccine_date_node44_modify" time="0.002" timestamp="2022-04-05T23:54:09"/>
	<testcase classname="test_get_vaccine_date_tests.MyTestCase" name="test_vaccine_date_node45_modify" time="0.002" timestamp="2022-04-05T23:54:09"/>
	<testcase classname="test_get_vaccine_date_tests.MyTestCase" name="test_vaccine_date_node4_delete" time="0.002" timestamp="2022-04-05T23:54:09"/>
	<testcase classname="test_get_vaccine_date_tests.MyTestCase" name="test_vaccine_date_node4_duplicate" time="0.002" timestamp="2022-04-05T23:54:09"/>
	<testcase classname="test_get_vaccine_date_tests.MyTestCase" name="test_vaccine_date_node5_modify" time="0.002" timestamp="2022-04-05T23:54:09"/>
	<testcase classname="test_get_vaccine_date_tests.MyTestCase" name="test_vaccine_date_node6_delete" time="0.003" timestamp="2022-04-05T23:54:09"/>
	<testcase classname="test_get_vaccine_date_tests.MyTestCase" name="test_vaccine_date_node6_duplicate" time="0.002" timestamp="2022-04-05T23:54:09"/>
	<testcase classname="test_get_vaccine_date_tests.MyTestCase" name="test_vaccine_date_node7_delete" time="0.002" timestamp="2022-04-05T23:54:09"/>
	<testcase classname="test_get_vaccine_date_tests.MyTestCase" name="test_vaccine_date_node7_duplicate" time="0.002" timestamp="2022-04-05T23:54:09"/>
	<testcase classname="test_get_vaccine_date_tests.MyTestCase" name="test_vaccine_date_node8_delete" time="0.002" timestamp="2022-04-05T23:54:09"/>
	<testcase classname="test_get_vaccine_date_tests.MyTestCase" name="test_vaccine_date_node8_duplicate" time="0.002" timestamp="2022-04-05T23:54:09"/>
	<testcase classname="test_get_vaccine_date_tests.MyTestCase" name="test_vaccine_date_node9_modify" time="0.001" timestamp="2022-04-05T23:54:09"/>
	<testcase classname="test_get_vaccine_date_tests.MyTestCase" name="test_vaccine_date_valid" time="0.004" timestamp="2022-04-05T23:54:09"/>
</testsuite>
