<?xml version="1.0" encoding="UTF-8"?>
<testsuite name="test_request_vaccine_tests.MyTestCase-20220318181232" tests="23" file="test_request_vaccine_tests.py" time="0.041" timestamp="2022-03-18T18:12:32" failures="0" errors="0" skipped="0">
	<testcase classname="test_request_vaccine_tests.MyTestCase" name="test_TEST_AGE_ECNV18" time="0.003" timestamp="2022-03-18T18:12:32"/>
	<testcase classname="test_request_vaccine_tests.MyTestCase" name="test_TEST_AGE_ECNV19" time="0.002" timestamp="2022-03-18T18:12:32"/>
	<testcase classname="test_request_vaccine_tests.MyTestCase" name="test_TEST_AGE_ECNV20" time="0.001" timestamp="2022-03-18T18:12:32"/>
	<testcase classname="test_request_vaccine_tests.MyTestCase" name="test_TEST_ECV1" time="0.004" timestamp="2022-03-18T18:12:32"/>
	<testcase classname="test_request_vaccine_tests.MyTestCase" name="test_TEST_ECV2" time="0.002" timestamp="2022-03-18T18:12:32"/>
	<testcase classname="test_request_vaccine_tests.MyTestCase" name="test_TEST_NAME_ECNV10" time="0.002" timestamp="2022-03-18T18:12:32"/>
	<testcase classname="test_request_vaccine_tests.MyTestCase" name="test_TEST_NAME_ECNV11" time="0.001" timestamp="2022-03-18T18:12:32"/>
	<testcase classname="test_request_vaccine_tests.MyTestCase" name="test_TEST_NAME_ECNV12" time="0.002" timestamp="2022-03-18T18:12:32"/>
	<testcase classname="test_request_vaccine_tests.MyTestCase" name="test_TEST_NAME_ECNV8" time="0.003" timestamp="2022-03-18T18:12:32"/>
	<testcase classname="test_request_vaccine_tests.MyTestCase" name="test_TEST_NAME_ECNV9" time="0.002" timestamp="2022-03-18T18:12:32"/>
	<testcase classname="test_request_vaccine_tests.MyTestCase" name="test_TEST_PATIENT_ID_ECNV1" time="0.001" timestamp="2022-03-18T18:12:32"/>
	<testcase classname="test_request_vaccine_tests.MyTestCase" name="test_TEST_PATIENT_ID_ECNV2" time="0.002" timestamp="2022-03-18T18:12:32"/>
	<testcase classname="test_request_vaccine_tests.MyTestCase" name="test_TEST_PATIENT_ID_ECNV3" time="0.001" timestamp="2022-03-18T18:12:32"/>
	<testcase classname="test_request_vaccine_tests.MyTestCase" name="test_TEST_PATIENT_ID_ECNV4" time="0.001" timestamp="2022-03-18T18:12:32"/>
	<testcase classname="test_request_vaccine_tests.MyTestCase" name="test_TEST_PHONE_NUMBER_ECNV13" time="0.001" timestamp="2022-03-18T18:12:32"/>
	<testcase classname="test_request_vaccine_tests.MyTestCase" name="test_TEST_PHONE_NUMBER_ECNV14" time="0.001" timestamp="2022-03-18T18:12:32"/>
	<testcase classname="test_request_vaccine_tests.MyTestCase" name="test_TEST_PHONE_NUMBER_ECNV15" time="0.001" timestamp="2022-03-18T18:12:32"/>
	<testcase classname="test_request_vaccine_tests.MyTestCase" name="test_TEST_PHONE_NUMBER_ECNV16" time="0.002" timestamp="2022-03-18T18:12:32"/>
	<testcase classname="test_request_vaccine_tests.MyTestCase" name="test_TEST_PHONE_NUMBER_ECNV17" time="0.002" timestamp="2022-03-18T18:12:32"/>
	<testcase classname="test_request_vaccine_tests.MyTestCase" name="test_TEST_REG_TYPE_ECNV5" time="0.003" timestamp="2022-03-18T18:12:32"/>
	<testcase classname="test_request_vaccine_tests.MyTestCase" name="test_TEST_REG_TYPE_ECNV6" time="0.002" timestamp="2022-03-18T18:12:32"/>
	<testcase classname="test_request_vaccine_tests.MyTestCase" name="test_TEST_REG_TYPE_ECNV7" time="0.002" timestamp="2022-03-18T18:12:32"/>
	<testcase classname="test_request_vaccine_tests.MyTestCase" name="test_something" time="0.002" timestamp="2022-03-18T18:12:32"/>
</testsuite>
